<?xml version="1.0" encoding="UTF-8"?>
<!-- Generated by org.testng.reporters.JUnitXMLReporter -->
<testsuite hostname="Home-PC" ignored="0" name="requisitions" tests="3" failures="0" timestamp="09 Sep 2018 03:28:28 GMT" time="0.054" errors="0">
  <testcase name="loginPage" time="0.014" classname="com.capg.demotestng.TestNGDemoTest"/>
  <testcase name="welcomePage" time="0.001" classname="com.capg.demotestng.TestNGDemoTest"/>
  <testcase name="sideMenuNavigation" time="0.002" classname="com.capg.demotestng.SideMenuTest"/>
</testsuite> <!-- requisitions -->
